<?xml version="1.0" encoding="UTF-8"?>
<testng-results skipped="0" failed="0" ignored="0" total="4" passed="4">
  <reporter-output>
  </reporter-output>
  <suite name="Test Suite" duration-ms="32062" started-at="2020-07-09T15:40:52Z" finished-at="2020-07-09T15:41:24Z">
    <groups>
    </groups>
    <test name="Sample Test two" duration-ms="27923" started-at="2020-07-09T15:40:52Z" finished-at="2020-07-09T15:41:20Z">
      <class name="web.services.symetra.tests.HomePageTestTwo">
        <test-method status="PASS" signature="openBrowser()[pri:0, instance:web.services.symetra.tests.HomePageTestTwo@7e0e6aa2]" name="openBrowser" is-config="true" duration-ms="13220" started-at="2020-07-09T15:40:52Z" finished-at="2020-07-09T15:41:05Z">
          <reporter-output>
          </reporter-output>
        </test-method> <!-- openBrowser -->
        <test-method status="PASS" signature="testOne()[pri:1, instance:web.services.symetra.tests.HomePageTestTwo@7e0e6aa2]" name="testOne" duration-ms="230" started-at="2020-07-09T15:41:05Z" finished-at="2020-07-09T15:41:05Z">
          <reporter-output>
          </reporter-output>
        </test-method> <!-- testOne -->
        <test-method status="PASS" signature="close()[pri:0, instance:web.services.symetra.tests.HomePageTestTwo@7e0e6aa2]" name="close" is-config="true" duration-ms="469" started-at="2020-07-09T15:41:06Z" finished-at="2020-07-09T15:41:06Z">
          <reporter-output>
          </reporter-output>
        </test-method> <!-- close -->
        <test-method status="PASS" signature="openBrowser()[pri:0, instance:web.services.symetra.tests.HomePageTestTwo@7e0e6aa2]" name="openBrowser" is-config="true" duration-ms="13073" started-at="2020-07-09T15:41:06Z" finished-at="2020-07-09T15:41:19Z">
          <reporter-output>
          </reporter-output>
        </test-method> <!-- openBrowser -->
        <test-method status="PASS" signature="testTwo()[pri:2, instance:web.services.symetra.tests.HomePageTestTwo@7e0e6aa2]" name="testTwo" duration-ms="1" started-at="2020-07-09T15:41:19Z" finished-at="2020-07-09T15:41:19Z">
          <reporter-output>
          </reporter-output>
        </test-method> <!-- testTwo -->
        <test-method status="PASS" signature="close()[pri:0, instance:web.services.symetra.tests.HomePageTestTwo@7e0e6aa2]" name="close" is-config="true" duration-ms="152" started-at="2020-07-09T15:41:20Z" finished-at="2020-07-09T15:41:20Z">
          <reporter-output>
          </reporter-output>
        </test-method> <!-- close -->
        <test-method status="PASS" signature="tearDown()[pri:0, instance:web.services.symetra.tests.HomePageTestTwo@7e0e6aa2]" name="tearDown" is-config="true" duration-ms="0" started-at="2020-07-09T15:41:20Z" finished-at="2020-07-09T15:41:20Z">
          <reporter-output>
          </reporter-output>
        </test-method> <!-- tearDown -->
      </class> <!-- web.services.symetra.tests.HomePageTestTwo -->
    </test> <!-- Sample Test two -->
    <test name="Sample Test One" duration-ms="32062" started-at="2020-07-09T15:40:52Z" finished-at="2020-07-09T15:41:24Z">
      <class name="web.services.symetra.tests.HomePageTest">
        <test-method status="PASS" signature="openBrowser()[pri:0, instance:web.services.symetra.tests.HomePageTest@37374a5e]" name="openBrowser" is-config="true" duration-ms="13278" started-at="2020-07-09T15:40:52Z" finished-at="2020-07-09T15:41:05Z">
          <reporter-output>
          </reporter-output>
        </test-method> <!-- openBrowser -->
        <test-method status="PASS" signature="testOne()[pri:1, instance:web.services.symetra.tests.HomePageTest@37374a5e]" name="testOne" duration-ms="172" started-at="2020-07-09T15:41:05Z" finished-at="2020-07-09T15:41:05Z">
          <reporter-output>
          </reporter-output>
        </test-method> <!-- testOne -->
        <test-method status="PASS" signature="close()[pri:0, instance:web.services.symetra.tests.HomePageTest@37374a5e]" name="close" is-config="true" duration-ms="462" started-at="2020-07-09T15:41:06Z" finished-at="2020-07-09T15:41:06Z">
          <reporter-output>
          </reporter-output>
        </test-method> <!-- close -->
        <test-method status="PASS" signature="openBrowser()[pri:0, instance:web.services.symetra.tests.HomePageTest@37374a5e]" name="openBrowser" is-config="true" duration-ms="13039" started-at="2020-07-09T15:41:06Z" finished-at="2020-07-09T15:41:19Z">
          <reporter-output>
          </reporter-output>
        </test-method> <!-- openBrowser -->
        <test-method status="PASS" signature="testTwo()[pri:2, instance:web.services.symetra.tests.HomePageTest@37374a5e]" name="testTwo" duration-ms="2" started-at="2020-07-09T15:41:19Z" finished-at="2020-07-09T15:41:19Z">
          <reporter-output>
          </reporter-output>
        </test-method> <!-- testTwo -->
        <test-method status="PASS" signature="close()[pri:0, instance:web.services.symetra.tests.HomePageTest@37374a5e]" name="close" is-config="true" duration-ms="4338" started-at="2020-07-09T15:41:20Z" finished-at="2020-07-09T15:41:24Z">
          <reporter-output>
          </reporter-output>
        </test-method> <!-- close -->
        <test-method status="PASS" signature="tearDown()[pri:0, instance:web.services.symetra.tests.HomePageTest@37374a5e]" name="tearDown" is-config="true" duration-ms="1" started-at="2020-07-09T15:41:24Z" finished-at="2020-07-09T15:41:24Z">
          <reporter-output>
          </reporter-output>
        </test-method> <!-- tearDown -->
      </class> <!-- web.services.symetra.tests.HomePageTest -->
    </test> <!-- Sample Test One -->
  </suite> <!-- Test Suite -->
</testng-results>
